ISim log file
Running: C:\Users\killian\Dropbox\GadgetFactory\archive\kit-arcade\A2601-0.1.0\A2601\A2601\build\bench_isim_beh.exe -intstyle ise -gui -tclbatch isim.cmd -wdb C:/Users/killian/Dropbox/GadgetFactory/archive/kit-arcade/A2601-0.1.0/A2601/A2601/build/bench_isim_beh.wdb 
ISim O.61xd (signature 0x1cce1bb2)
WARNING: A WEBPACK license was found.
WARNING: Please use Xilinx License Configuration Manager to check out a full ISim license.
WARNING: ISim will run in Lite mode. Please refer to the ISim documentation for more information on the differences between the Lite and the Full version.
This is a Lite version of ISim.
Time resolution is 1 ps
# onerror resume
# wave add /
# run 1000 ns
Simulator is doing circuit initialization process.
at 0 ps, Instance /bench/ : Warning: NUMERIC_STD.TO_INTEGER: metavalue detected, returning 0
ERROR: at 0 ps: Could not openfile ..\video\video.txt of text
ERROR: In process Bench.vhd:video 
 
INFO: Simulator is stopped.
# run 1.00us
INFO: Simulator is stopped.
# restart
# run 1.00ms
Simulator is doing circuit initialization process.
at 0 ps, Instance /bench/ : Warning: NUMERIC_STD.TO_INTEGER: metavalue detected, returning 0
ERROR: at 0 ps: Could not openfile ..\video\video.txt of text
ERROR: In process Bench.vhd:video 
 
INFO: Simulator is stopped.
